<?xml version="1.0" encoding="UTF-8"?>
<!-- Generated by org.testng.reporters.JUnitXMLReporter -->
<testsuite ignored="4" hostname="SISJDRLPT056" failures="0" tests="1" name="Default test" time="84.113" errors="0" timestamp="2025-06-03T16:32:42 GST">
  <testcase classname="com.sigma.grandioseEcommerceWebApp.AddToCartTest" name="checkoutUsingProductHomepage" time="73.272"/>
  <testcase classname="com.sigma.grandioseEcommerceWebApp.AddToCartTest" name="checkoutUsingProductSearch" time="0.0">
    <ignored/>
  </testcase> <!-- checkoutUsingProductSearch -->
  <testcase classname="com.sigma.grandioseEcommerceWebApp.AddToCartTest" name="placeOrderUsingCOD_Wallet" time="0.0">
    <ignored/>
  </testcase> <!-- placeOrderUsingCOD_Wallet -->
  <testcase classname="com.sigma.grandioseEcommerceWebApp.AddToCartTest" name="placeOrderUsingCCODpayment" time="0.0">
    <ignored/>
  </testcase> <!-- placeOrderUsingCCODpayment -->
  <testcase classname="com.sigma.grandioseEcommerceWebApp.AddToCartTest" name="placeOrderUsingCODpayment" time="0.0">
    <ignored/>
  </testcase> <!-- placeOrderUsingCODpayment -->
</testsuite> <!-- Default test -->
