<?xml version="1.0" encoding="UTF-8"?>
<!-- Generated by org.testng.reporters.JUnitXMLReporter -->
<testsuite ignored="0" hostname="SISJDRLPT056" failures="1" tests="1" name="Test" time="79.063" errors="0" timestamp="2025-05-07T15:05:48 GST">
  <testcase classname="com.sigma.grandiose1.GrandioseE_commerceLogin" name="testLoginWithValidCredentials" time="47.137">
    <failure type="org.openqa.selenium.NoSuchElementException" message="An element could not be located on the page using the given search parameters.
For documentation on this error, please visit: https://www.selenium.dev/documentation/webdriver/troubleshooting/errors#no-such-element-exception
Build info: version: &amp;apos;4.29.0&amp;apos;, revision: &amp;apos;5fc1ec94cb&amp;apos;
System info: os.name: &amp;apos;Linux&amp;apos;, os.arch: &amp;apos;amd64&amp;apos;, os.version: &amp;apos;6.11.0-24-generic&amp;apos;, java.version: &amp;apos;21.0.7&amp;apos;
Driver info: io.appium.java_client.android.AndroidDriver
Command: [f0376902-e73d-4e44-9286-b844806a0fed, findElement {using=xpath, value=//android.widget.TextView[@text=&amp;apos;Dubai&amp;apos;]}]
Capabilities {appium:app: /home/anubhavkuamrjha/eclip..., appium:appActivity: com.grandiose.main.splash.v..., appium:appPackage: net.grandiose.retail, appium:automationName: UiAutomator2, appium:databaseEnabled: false, appium:desired: {app: /home/anubhavkuamrjha/eclip..., automationName: UiAutomator2, deviceName: Grandiose, platformName: ANDROID}, appium:deviceApiLevel: 36, appium:deviceManufacturer: Google, appium:deviceModel: sdk_gphone64_x86_64, appium:deviceName: emulator-5554, appium:deviceScreenDensity: 400, appium:deviceScreenSize: 1080x2160, appium:deviceUDID: emulator-5554, appium:javascriptEnabled: true, appium:locationContextEnabled: false, appium:networkConnectionEnabled: true, appium:pixelRatio: 2.5, appium:platformVersion: 16, appium:statBarHeight: 60, appium:takesScreenshot: true, appium:viewportRect: {height: 2100, left: 0, top: 60, width: 1080}, appium:warnings: {}, appium:webStorageEnabled: false, platformName: ANDROID}
Session ID: f0376902-e73d-4e44-9286-b844806a0fed">
      <![CDATA[org.openqa.selenium.NoSuchElementException: An element could not be located on the page using the given search parameters.
For documentation on this error, please visit: https://www.selenium.dev/documentation/webdriver/troubleshooting/errors#no-such-element-exception
Build info: version: '4.29.0', revision: '5fc1ec94cb'
System info: os.name: 'Linux', os.arch: 'amd64', os.version: '6.11.0-24-generic', java.version: '21.0.7'
Driver info: io.appium.java_client.android.AndroidDriver
Command: [f0376902-e73d-4e44-9286-b844806a0fed, findElement {using=xpath, value=//android.widget.TextView[@text='Dubai']}]
Capabilities {appium:app: /home/anubhavkuamrjha/eclip..., appium:appActivity: com.grandiose.main.splash.v..., appium:appPackage: net.grandiose.retail, appium:automationName: UiAutomator2, appium:databaseEnabled: false, appium:desired: {app: /home/anubhavkuamrjha/eclip..., automationName: UiAutomator2, deviceName: Grandiose, platformName: ANDROID}, appium:deviceApiLevel: 36, appium:deviceManufacturer: Google, appium:deviceModel: sdk_gphone64_x86_64, appium:deviceName: emulator-5554, appium:deviceScreenDensity: 400, appium:deviceScreenSize: 1080x2160, appium:deviceUDID: emulator-5554, appium:javascriptEnabled: true, appium:locationContextEnabled: false, appium:networkConnectionEnabled: true, appium:pixelRatio: 2.5, appium:platformVersion: 16, appium:statBarHeight: 60, appium:takesScreenshot: true, appium:viewportRect: {height: 2100, left: 0, top: 60, width: 1080}, appium:warnings: {}, appium:webStorageEnabled: false, platformName: ANDROID}
Session ID: f0376902-e73d-4e44-9286-b844806a0fed
at org.openqa.selenium.remote.ErrorCodec.decode(ErrorCodec.java:167)
at org.openqa.selenium.remote.codec.w3c.W3CHttpResponseCodec.decode(W3CHttpResponseCodec.java:138)
at org.openqa.selenium.remote.codec.w3c.W3CHttpResponseCodec.decode(W3CHttpResponseCodec.java:50)
at org.openqa.selenium.remote.HttpCommandExecutor.execute(HttpCommandExecutor.java:215)
at io.appium.java_client.remote.AppiumCommandExecutor.execute(AppiumCommandExecutor.java:243)
at org.openqa.selenium.remote.RemoteWebDriver.execute(RemoteWebDriver.java:545)
at org.openqa.selenium.remote.ElementLocation$ElementFinder$2.findElement(ElementLocation.java:165)
at org.openqa.selenium.remote.ElementLocation.findElement(ElementLocation.java:59)
at org.openqa.selenium.remote.RemoteWebDriver.findElement(RemoteWebDriver.java:368)
at org.openqa.selenium.remote.RemoteWebDriver.findElement(RemoteWebDriver.java:362)
at com.sigma.grandiose1.GrandioseE_commerceLogin.testLoginWithValidCredentials(GrandioseE_commerceLogin.java:122)
at java.base/java.util.ArrayList.forEach(ArrayList.java:1596)
... Removed 28 stack frames]]>
    </failure>
  </testcase> <!-- testLoginWithValidCredentials -->
</testsuite> <!-- Test -->
