<?xml version="1.0" encoding="UTF-8"?>
<testng-results ignored="4" total="5" passed="1" failed="0" skipped="0">
  <reporter-output>
  </reporter-output>
  <suite started-at="2025-06-03T16:31:17 GST" name="Default suite" finished-at="2025-06-03T16:32:42 GST" duration-ms="84113">
    <groups>
    </groups>
    <test started-at="2025-06-03T16:31:17 GST" name="Default test" finished-at="2025-06-03T16:32:42 GST" duration-ms="84113">
      <class name="com.sigma.grandioseEcommerceWebApp.AddToCartTest">
        <test-method is-config="true" signature="setUp()[pri:0, instance:com.sigma.grandioseEcommerceWebApp.AddToCartTest@78691363]" started-at="2025-06-03T16:31:17 GST" name="setUp" finished-at="2025-06-03T16:31:28 GST" duration-ms="10625" status="PASS">
          <reporter-output>
          </reporter-output>
        </test-method> <!-- setUp -->
        <test-method signature="checkoutUsingProductHomepage()[pri:1, instance:com.sigma.grandioseEcommerceWebApp.AddToCartTest@78691363]" started-at="2025-06-03T16:31:28 GST" name="checkoutUsingProductHomepage" finished-at="2025-06-03T16:32:41 GST" duration-ms="73272" status="PASS">
          <reporter-output>
          </reporter-output>
        </test-method> <!-- checkoutUsingProductHomepage -->
        <test-method is-config="true" signature="tearDown()[pri:0, instance:com.sigma.grandioseEcommerceWebApp.AddToCartTest@78691363]" started-at="2025-06-03T16:32:41 GST" name="tearDown" finished-at="2025-06-03T16:32:41 GST" duration-ms="144" status="PASS">
          <reporter-output>
          </reporter-output>
        </test-method> <!-- tearDown -->
      </class> <!-- com.sigma.grandioseEcommerceWebApp.AddToCartTest -->
    </test> <!-- Default test -->
  </suite> <!-- Default suite -->
</testng-results>
